# project noname (0.3.0) configured on Wed Jan  4 14:27:14 2012 by
# waf 1.5.16 (abi 7, python 20606f0 on linux2)
# using /usr/local/bin/node-waf configure
#

----------------------------------------
Checking for program g++ or c++
  find program=['g++', 'c++'] paths=[] var='CXX'
  -> '/usr/bin/g++'

----------------------------------------
Checking for program cpp
  find program=['cpp'] paths=[] var='CPP'
  -> '/usr/bin/cpp'

----------------------------------------
Checking for program ar
  find program=['ar'] paths=[] var='AR'
  -> '/usr/bin/ar'

----------------------------------------
Checking for program ranlib
  find program=['ranlib'] paths=[] var='RANLIB'
  -> '/usr/bin/ranlib'

----------------------------------------
Checking for g++ 
ok 

----------------------------------------
Checking for node path 
ok /home/chris/.node_libraries

----------------------------------------
Checking for node prefix 
ok /usr/local
